<?xml version="1.0" encoding="UTF-8"?>
<testsuite name="SILab2Test" tests="2" skipped="0" failures="0" errors="0" timestamp="2022-06-03T15:57:07" hostname="LAPTOP-5GV65ACB" time="0.044">
  <properties/>
  <testcase name="EveryBranchStatement()" classname="SILab2Test" time="0.04"/>
  <testcase name="EveryStatementtest()" classname="SILab2Test" time="0.002"/>
  <system-out><![CDATA[]]></system-out>
  <system-err><![CDATA[]]></system-err>
</testsuite>
